[2024-03-24 01:13:55.987] [INFO ] [main] com.gp1.gstock.GStockApplication Starting GStockApplication using Java 17.0.1 on gunhee1250 with PID 34420 (C:\dev\GStock\gstock\out\production\classes started by hangh in C:\dev\GStock\GStock)
[2024-03-24 01:13:56.007] [INFO ] [main] com.gp1.gstock.GStockApplication No active profile set, falling back to 1 default profile: "default"
[2024-03-24 01:13:57.559] [INFO ] [main] org.springframework.data.repository.config.RepositoryConfigurationDelegate Bootstrapping Spring Data JPA repositories in DEFAULT mode.
[2024-03-24 01:13:57.890] [INFO ] [main] org.springframework.data.repository.config.RepositoryConfigurationDelegate Finished Spring Data repository scanning in 313 ms. Found 2 JPA repository interfaces.
[2024-03-24 01:13:59.051] [INFO ] [main] org.springframework.boot.web.embedded.tomcat.TomcatWebServer Tomcat initialized with port(s): 8080 (http)
[2024-03-24 01:13:59.063] [INFO ] [main] org.apache.coyote.http11.Http11NioProtocol Initializing ProtocolHandler ["http-nio-8080"]
[2024-03-24 01:13:59.065] [INFO ] [main] org.apache.catalina.core.StandardService Starting service [Tomcat]
[2024-03-24 01:13:59.066] [INFO ] [main] org.apache.catalina.core.StandardEngine Starting Servlet engine: [Apache Tomcat/9.0.78]
[2024-03-24 01:13:59.298] [INFO ] [main] org.apache.catalina.core.ContainerBase.[Tomcat].[localhost].[/] Initializing Spring embedded WebApplicationContext
[2024-03-24 01:13:59.298] [INFO ] [main] org.springframework.boot.web.servlet.context.ServletWebServerApplicationContext Root WebApplicationContext: initialization completed in 3205 ms
[2024-03-24 01:13:59.795] [INFO ] [main] com.zaxxer.hikari.HikariDataSource HikariPool-1 - Starting...
[2024-03-24 01:13:59.813] [WARN ] [main] com.zaxxer.hikari.util.DriverDataSource Registered driver with driverClassName=oracle.jdbc.driver.OracleDriver was not found, trying direct instantiation.
[2024-03-24 01:14:30.895] [ERROR] [main] oracle.simplefan.FanManager attempt to configure ONS in FanManager failed with oracle.ons.NoServersAvailable: Server time out
[2024-03-24 01:14:30.910] [INFO ] [main] com.zaxxer.hikari.HikariDataSource HikariPool-1 - Start completed.
[2024-03-24 01:14:30.998] [INFO ] [main] org.hibernate.jpa.internal.util.LogHelper HHH000204: Processing PersistenceUnitInfo [name: default]
[2024-03-24 01:14:31.143] [INFO ] [main] org.hibernate.Version HHH000412: Hibernate ORM core version 5.6.15.Final
[2024-03-24 01:14:31.571] [INFO ] [main] org.hibernate.annotations.common.Version HCANN000001: Hibernate Commons Annotations {5.1.2.Final}
[2024-03-24 01:14:31.948] [INFO ] [main] org.hibernate.dialect.Dialect HHH000400: Using dialect: org.hibernate.dialect.Oracle12cDialect
[2024-03-24 01:14:33.413] [INFO ] [main] org.hibernate.engine.transaction.jta.platform.internal.JtaPlatformInitiator HHH000490: Using JtaPlatform implementation: [org.hibernate.engine.transaction.jta.platform.internal.NoJtaPlatform]
[2024-03-24 01:14:33.437] [INFO ] [main] org.springframework.orm.jpa.LocalContainerEntityManagerFactoryBean Initialized JPA EntityManagerFactory for persistence unit 'default'
[2024-03-24 01:14:35.735] [WARN ] [main] org.springframework.boot.autoconfigure.orm.jpa.JpaBaseConfiguration$JpaWebConfiguration spring.jpa.open-in-view is enabled by default. Therefore, database queries may be performed during view rendering. Explicitly configure spring.jpa.open-in-view to disable this warning
[2024-03-24 01:14:36.536] [INFO ] [main] org.springframework.boot.autoconfigure.web.servlet.WelcomePageHandlerMapping Adding welcome page: class path resource [static/index.html]
[2024-03-24 01:14:37.292] [INFO ] [main] org.apache.coyote.http11.Http11NioProtocol Starting ProtocolHandler ["http-nio-8080"]
[2024-03-24 01:14:37.349] [INFO ] [main] org.springframework.boot.web.embedded.tomcat.TomcatWebServer Tomcat started on port(s): 8080 (http) with context path ''
[2024-03-24 01:14:38.140] [INFO ] [main] com.gp1.gstock.GStockApplication Started GStockApplication in 43.03 seconds (JVM running for 43.809)
[2024-03-24 01:15:00.567] [INFO ] [http-nio-8080-exec-1] org.apache.catalina.core.ContainerBase.[Tomcat].[localhost].[/] Initializing Spring DispatcherServlet 'dispatcherServlet'
[2024-03-24 01:15:00.567] [INFO ] [http-nio-8080-exec-1] org.springframework.web.servlet.DispatcherServlet Initializing Servlet 'dispatcherServlet'
[2024-03-24 01:15:00.568] [INFO ] [http-nio-8080-exec-1] org.springframework.web.servlet.DispatcherServlet Completed initialization in 1 ms
[2024-03-24 01:15:20.294] [INFO ] [http-nio-8080-exec-6] com.gp1.gstock.aop.AopController 주식 정보 조회 CTPF1002R(pdno=00000A005930, prdt_type_cd=300, mket_id_cd=STK, scty_grp_id_cd=ST, excg_dvsn_cd=02, setl_mmdd=12, lstg_stqt=5969782550, lstg_cptl_amt=0, cpta=778046685000, papr=100, issu_pric=0, kospi_item_yn=null, scts_mket_lstg_dt=19750611, scts_mket_lstg_abol_dt=, kosdaq_mket_lstg_dt=, kosdaq_mket_lstg_abol_dt=, frbd_mket_lstg_dt=19750611, frbd_mket_lstg_abol_dt=, reits_kind_cd=, etf_dvsn_cd=0, oilf_fund_yn=N, idx_bztp_lcls_cd=002, idx_bztp_mcls_cd=013, idx_bztp_scls_cd=013, stck_kind_cd=101, mfnd_opng_dt=, mfnd_end_dt=, dpsi_erlm_cncl_dt=, etf_cu_qty=0, prdt_name=삼성전자보통주, prdt_name120=삼성전자보통주, prdt_abrv_name=삼성전자, std_pdno=KR7005930003, prdt_eng_name=SamsungElectronics, prdt_eng_name120=SamsungElectronics, prdt_eng_abrv_name=SamsungElec, dpsi_aptm_erlm_yn=Y, etf_txtn_type_cd=00, etf_type_cd=, lstg_abol_dt=, nwst_odst_dvsn_cd=1, sbst_pric=61540, thco_sbst_pric=61540, thco_sbst_pric_chng_dt=20240322, tr_stop_yn=N, dmn_item_yn=null, thdt_clpr=78900, bfdy_clpr=78900, clpr_chng_dt=20240322, std_idst_clsf_cd=032604, std_idst_clsf_cd_name=통신 및 방송 장비 제조업, idx_bztp_lcls_cd_name=시가총액규모대, idx_bztp_mcls_cd_name=전기,전자, idx_bztp_scls_cd_name=전기,전자, ocr_no=0121, crfd_item_yn=, elec_scty_yn=Y)
[2024-03-24 01:15:20.322] [INFO ] [http-nio-8080-exec-6] com.gp1.gstock.aop.AopService Insert Stock : 
Stock(stockId=StockId(bseDt=20240324, srtnCd=005930), itmNm=삼성전자, mrktTotAmt=7.78046685E11, domeForeSeCd=D)
[2024-03-24 01:22:43.167] [INFO ] [http-nio-8080-exec-9] com.gp1.gstock.aop.AopService Insert Stock price: 
StockPrice(stockPriceId=StockPriceId(bseDt=20240324, srtnCd=005930), stkPrpr=78900.0, prdyVrss=-400.0, prdyVrssSign=5, hgpr=79900.0, lwpr=77800.0, mxpr=103000.0, llam=55600.0, sdpr=null, per=37.02, pbr=1.52, hgprW52=79900.0, lwprW52=60500.0)
[2024-03-24 01:53:45.131] [INFO ] [SpringApplicationShutdownHook] org.springframework.orm.jpa.LocalContainerEntityManagerFactoryBean Closing JPA EntityManagerFactory for persistence unit 'default'
[2024-03-24 01:53:45.133] [INFO ] [SpringApplicationShutdownHook] com.zaxxer.hikari.HikariDataSource HikariPool-1 - Shutdown initiated...
[2024-03-24 01:53:45.244] [INFO ] [SpringApplicationShutdownHook] com.zaxxer.hikari.HikariDataSource HikariPool-1 - Shutdown completed.
